# JRE version: OpenJDK Runtime Environment (21.0.4) (build 21.0.4+-12508038-b607.1)
# Java VM: OpenJDK 64-Bit Server VM (21.0.4+-12508038-b607.1, mixed mode, tiered, compressed oops, compressed class ptrs, g1 gc, windows-amd64)
GC Precious Log:
 CardTable entry size: 512
 Card Set container configuration: InlinePtr #cards 5 size 8 Array Of Cards #cards 12 size 40 Howl #buckets 4 coarsen threshold 1843 Howl Bitmap #cards 512 size 80 coarsen threshold 460 Card regions per heap region 1 cards per card region 2048
 CPUs: 4 total, 4 available
 Memory: 20275M
 Large Page Support: Disabled
 NUMA Support: Disabled
 Compressed Oops: Enabled (32-bit)
 Heap Region Size: 1M
 Heap Min Capacity: 8M
 Heap Initial Capacity: 318M
 Heap Max Capacity: 2G
 Pre-touch: Disabled
 Parallel Workers: 4
 Concurrent Workers: 1
 Concurrent Refinement Workers: 4
 Periodic GC: Disabled
Heap:
 garbage-first heap   total 78848K, used 67604K [0x0000000080000000, 0x0000000100000000)
  region size 1024K, 23 young (23552K), 3 survivors (3072K)
 Metaspace       used 66365K, committed 67968K, reserved 1114112K
  class space    used 9030K, committed 9856K, reserved 1048576K
GC Heap History (20 events):
Event: 7.886 GC heap before
{Heap before GC invocations=9 (full 0):
 garbage-first heap   total 71680K, used 60276K [0x0000000080000000, 0x0000000100000000)
  region size 1024K, 36 young (36864K), 4 survivors (4096K)
 Metaspace       used 45437K, committed 46528K, reserved 1114112K
  class space    used 6034K, committed 6592K, reserved 1048576K
}
Event: 7.899 GC heap after
{Heap after GC invocations=10 (full 0):
 garbage-first heap   total 71680K, used 32216K [0x0000000080000000, 0x0000000100000000)
  region size 1024K, 5 young (5120K), 5 survivors (5120K)
 Metaspace       used 45437K, committed 46528K, reserved 1114112K
  class space    used 6034K, committed 6592K, reserved 1048576K
}
Event: 8.692 GC heap before
{Heap before GC invocations=10 (full 0):
 garbage-first heap   total 71680K, used 60888K [0x0000000080000000, 0x0000000100000000)
  region size 1024K, 33 young (33792K), 5 survivors (5120K)
 Metaspace       used 46495K, committed 47744K, reserved 1114112K
  class space    used 6206K, committed 6784K, reserved 1048576K
}
Event: 8.698 GC heap after
{Heap after GC invocations=11 (full 0):
 garbage-first heap   total 71680K, used 34671K [0x0000000080000000, 0x0000000100000000)
  region size 1024K, 2 young (2048K), 2 survivors (2048K)
 Metaspace       used 46495K, committed 47744K, reserved 1114112K
  class space    used 6206K, committed 6784K, reserved 1048576K
}
Event: 9.639 GC heap before
{Heap before GC invocations=11 (full 0):
 garbage-first heap   total 71680K, used 62319K [0x0000000080000000, 0x0000000100000000)
  region size 1024K, 29 young (29696K), 2 survivors (2048K)
 Metaspace       used 48759K, committed 50112K, reserved 1114112K
  class space    used 6577K, committed 7232K, reserved 1048576K
}
Event: 9.643 GC heap after
{Heap after GC invocations=12 (full 0):
 garbage-first heap   total 71680K, used 36534K [0x0000000080000000, 0x0000000100000000)
  region size 1024K, 4 young (4096K), 4 survivors (4096K)
 Metaspace       used 48759K, committed 50112K, reserved 1114112K
  class space    used 6577K, committed 7232K, reserved 1048576K
}
Event: 10.482 GC heap before
{Heap before GC invocations=13 (full 0):
 garbage-first heap   total 71680K, used 64182K [0x0000000080000000, 0x0000000100000000)
  region size 1024K, 30 young (30720K), 4 survivors (4096K)
 Metaspace       used 52627K, committed 54080K, reserved 1114112K
  class space    used 7108K, committed 7808K, reserved 1048576K
}
Event: 10.487 GC heap after
{Heap after GC invocations=14 (full 0):
 garbage-first heap   total 71680K, used 39033K [0x0000000080000000, 0x0000000100000000)
  region size 1024K, 2 young (2048K), 2 survivors (2048K)
 Metaspace       used 52627K, committed 54080K, reserved 1114112K
  class space    used 7108K, committed 7808K, reserved 1048576K
}
Event: 11.300 GC heap before
{Heap before GC invocations=14 (full 0):
 garbage-first heap   total 71680K, used 63609K [0x0000000080000000, 0x0000000100000000)
  region size 1024K, 26 young (26624K), 2 survivors (2048K)
 Metaspace       used 56267K, committed 57664K, reserved 1114112K
  class space    used 7569K, committed 8256K, reserved 1048576K
}
Event: 11.304 GC heap after
{Heap after GC invocations=15 (full 0):
 garbage-first heap   total 71680K, used 38501K [0x0000000080000000, 0x0000000100000000)
  region size 1024K, 3 young (3072K), 3 survivors (3072K)
 Metaspace       used 56267K, committed 57664K, reserved 1114112K
  class space    used 7569K, committed 8256K, reserved 1048576K
}
Event: 12.283 GC heap before
{Heap before GC invocations=15 (full 0):
 garbage-first heap   total 71680K, used 63077K [0x0000000080000000, 0x0000000100000000)
  region size 1024K, 27 young (27648K), 3 survivors (3072K)
 Metaspace       used 60017K, committed 61504K, reserved 1114112K
  class space    used 8126K, committed 8896K, reserved 1048576K
}
Event: 12.287 GC heap after
{Heap after GC invocations=16 (full 0):
 garbage-first heap   total 71680K, used 39651K [0x0000000080000000, 0x0000000100000000)
  region size 1024K, 4 young (4096K), 4 survivors (4096K)
 Metaspace       used 60017K, committed 61504K, reserved 1114112K
  class space    used 8126K, committed 8896K, reserved 1048576K
}
Event: 13.248 GC heap before
{Heap before GC invocations=17 (full 0):
 garbage-first heap   total 71680K, used 62179K [0x0000000080000000, 0x0000000100000000)
  region size 1024K, 26 young (26624K), 4 survivors (4096K)
 Metaspace       used 62832K, committed 64384K, reserved 1114112K
  class space    used 8608K, committed 9408K, reserved 1048576K
}
Event: 13.255 GC heap after
{Heap after GC invocations=18 (full 0):
 garbage-first heap   total 71680K, used 40962K [0x0000000080000000, 0x0000000100000000)
  region size 1024K, 3 young (3072K), 3 survivors (3072K)
 Metaspace       used 62832K, committed 64384K, reserved 1114112K
  class space    used 8608K, committed 9408K, reserved 1048576K
}
Event: 14.172 GC heap before
{Heap before GC invocations=18 (full 0):
 garbage-first heap   total 71680K, used 63490K [0x0000000080000000, 0x0000000100000000)
  region size 1024K, 25 young (25600K), 3 survivors (3072K)
 Metaspace       used 65105K, committed 66752K, reserved 1114112K
  class space    used 8917K, committed 9728K, reserved 1048576K
}
Event: 14.181 GC heap after
{Heap after GC invocations=19 (full 0):
 garbage-first heap   total 71680K, used 42882K [0x0000000080000000, 0x0000000100000000)
  region size 1024K, 4 young (4096K), 4 survivors (4096K)
 Metaspace       used 65105K, committed 66752K, reserved 1114112K
  class space    used 8917K, committed 9728K, reserved 1048576K
}
Event: 14.863 GC heap before
{Heap before GC invocations=19 (full 0):
 garbage-first heap   total 71680K, used 63362K [0x0000000080000000, 0x0000000100000000)
  region size 1024K, 24 young (24576K), 4 survivors (4096K)
 Metaspace       used 66015K, committed 67712K, reserved 1114112K
  class space    used 9023K, committed 9856K, reserved 1048576K
}
Event: 14.872 GC heap after
{Heap after GC invocations=20 (full 0):
 garbage-first heap   total 71680K, used 46902K [0x0000000080000000, 0x0000000100000000)
  region size 1024K, 3 young (3072K), 3 survivors (3072K)
 Metaspace       used 66015K, committed 67712K, reserved 1114112K
  class space    used 9023K, committed 9856K, reserved 1048576K
}
Event: 15.365 GC heap before
{Heap before GC invocations=21 (full 0):
 garbage-first heap   total 78848K, used 62262K [0x0000000080000000, 0x0000000100000000)
  region size 1024K, 19 young (19456K), 3 survivors (3072K)
 Metaspace       used 66181K, committed 67840K, reserved 1114112K
  class space    used 9023K, committed 9856K, reserved 1048576K
}
Event: 15.371 GC heap after
{Heap after GC invocations=22 (full 0):
 garbage-first heap   total 78848K, used 49172K [0x0000000080000000, 0x0000000100000000)
  region size 1024K, 3 young (3072K), 3 survivors (3072K)
 Metaspace       used 66181K, committed 67840K, reserved 1114112K
  class space    used 9023K, committed 9856K, reserved 1048576K
}

