# JRE version: OpenJDK Runtime Environment (21.0.4) (build 21.0.4+-12508038-b607.1)
# Java VM: OpenJDK 64-Bit Server VM (21.0.4+-12508038-b607.1, mixed mode, tiered, compressed oops, compressed class ptrs, g1 gc, windows-amd64)
GC Precious Log:
 CardTable entry size: 512
 Card Set container configuration: InlinePtr #cards 5 size 8 Array Of Cards #cards 12 size 40 Howl #buckets 4 coarsen threshold 1843 Howl Bitmap #cards 512 size 80 coarsen threshold 460 Card regions per heap region 1 cards per card region 2048
 CPUs: 4 total, 4 available
 Memory: 20275M
 Large Page Support: Disabled
 NUMA Support: Disabled
 Compressed Oops: Enabled (32-bit)
 Heap Region Size: 1M
 Heap Min Capacity: 8M
 Heap Initial Capacity: 318M
 Heap Max Capacity: 2G
 Pre-touch: Disabled
 Parallel Workers: 4
 Concurrent Workers: 1
 Concurrent Refinement Workers: 4
 Periodic GC: Disabled
Heap:
 garbage-first heap   total 442368K, used 322541K [0x0000000080000000, 0x0000000100000000)
  region size 1024K, 23 young (23552K), 11 survivors (11264K)
 Metaspace       used 126648K, committed 128960K, reserved 1179648K
  class space    used 17426K, committed 18624K, reserved 1048576K
GC Heap History (20 events):
Event: 18.564 GC heap before
{Heap before GC invocations=32 (full 0):
 garbage-first heap   total 180224K, used 161510K [0x0000000080000000, 0x0000000100000000)
  region size 1024K, 56 young (57344K), 7 survivors (7168K)
 Metaspace       used 114045K, committed 116224K, reserved 1179648K
  class space    used 15624K, committed 16768K, reserved 1048576K
}
Event: 18.576 GC heap after
{Heap after GC invocations=33 (full 0):
 garbage-first heap   total 180224K, used 115535K [0x0000000080000000, 0x0000000100000000)
  region size 1024K, 6 young (6144K), 6 survivors (6144K)
 Metaspace       used 114045K, committed 116224K, reserved 1179648K
  class space    used 15624K, committed 16768K, reserved 1048576K
}
Event: 19.369 GC heap before
{Heap before GC invocations=34 (full 0):
 garbage-first heap   total 193536K, used 167759K [0x0000000080000000, 0x0000000100000000)
  region size 1024K, 53 young (54272K), 6 survivors (6144K)
 Metaspace       used 116404K, committed 118592K, reserved 1179648K
  class space    used 15853K, committed 16960K, reserved 1048576K
}
Event: 19.385 GC heap after
{Heap after GC invocations=35 (full 0):
 garbage-first heap   total 193536K, used 118161K [0x0000000080000000, 0x0000000100000000)
  region size 1024K, 5 young (5120K), 5 survivors (5120K)
 Metaspace       used 116404K, committed 118592K, reserved 1179648K
  class space    used 15853K, committed 16960K, reserved 1048576K
}
Event: 20.857 GC heap before
{Heap before GC invocations=35 (full 0):
 garbage-first heap   total 202752K, used 201105K [0x0000000080000000, 0x0000000100000000)
  region size 1024K, 45 young (46080K), 5 survivors (5120K)
 Metaspace       used 119938K, committed 122112K, reserved 1179648K
  class space    used 16349K, committed 17472K, reserved 1048576K
}
Event: 20.869 GC heap after
{Heap after GC invocations=36 (full 0):
 garbage-first heap   total 258048K, used 154144K [0x0000000080000000, 0x0000000100000000)
  region size 1024K, 7 young (7168K), 7 survivors (7168K)
 Metaspace       used 119938K, committed 122112K, reserved 1179648K
  class space    used 16349K, committed 17472K, reserved 1048576K
}
Event: 20.892 GC heap before
{Heap before GC invocations=36 (full 0):
 garbage-first heap   total 258048K, used 179744K [0x0000000080000000, 0x0000000100000000)
  region size 1024K, 15 young (15360K), 7 survivors (7168K)
 Metaspace       used 119945K, committed 122112K, reserved 1179648K
  class space    used 16349K, committed 17472K, reserved 1048576K
}
Event: 20.898 GC heap after
{Heap after GC invocations=37 (full 0):
 garbage-first heap   total 258048K, used 167419K [0x0000000080000000, 0x0000000100000000)
  region size 1024K, 4 young (4096K), 4 survivors (4096K)
 Metaspace       used 119945K, committed 122112K, reserved 1179648K
  class space    used 16349K, committed 17472K, reserved 1048576K
}
Event: 20.901 GC heap before
{Heap before GC invocations=37 (full 0):
 garbage-first heap   total 258048K, used 170491K [0x0000000080000000, 0x0000000100000000)
  region size 1024K, 4 young (4096K), 4 survivors (4096K)
 Metaspace       used 119945K, committed 122112K, reserved 1179648K
  class space    used 16349K, committed 17472K, reserved 1048576K
}
Event: 20.904 GC heap after
{Heap after GC invocations=38 (full 0):
 garbage-first heap   total 258048K, used 170322K [0x0000000080000000, 0x0000000100000000)
  region size 1024K, 4 young (4096K), 4 survivors (4096K)
 Metaspace       used 119945K, committed 122112K, reserved 1179648K
  class space    used 16349K, committed 17472K, reserved 1048576K
}
Event: 22.430 GC heap before
{Heap before GC invocations=39 (full 0):
 garbage-first heap   total 331776K, used 264530K [0x0000000080000000, 0x0000000100000000)
  region size 1024K, 68 young (69632K), 4 survivors (4096K)
 Metaspace       used 120211K, committed 122432K, reserved 1179648K
  class space    used 16391K, committed 17536K, reserved 1048576K
}
Event: 22.471 GC heap after
{Heap after GC invocations=40 (full 0):
 garbage-first heap   total 331776K, used 202733K [0x0000000080000000, 0x0000000100000000)
  region size 1024K, 9 young (9216K), 9 survivors (9216K)
 Metaspace       used 120211K, committed 122432K, reserved 1179648K
  class space    used 16391K, committed 17536K, reserved 1048576K
}
Event: 24.418 GC heap before
{Heap before GC invocations=40 (full 0):
 garbage-first heap   total 331776K, used 287725K [0x0000000080000000, 0x0000000100000000)
  region size 1024K, 90 young (92160K), 9 survivors (9216K)
 Metaspace       used 122920K, committed 125120K, reserved 1179648K
  class space    used 16925K, committed 18048K, reserved 1048576K
}
Event: 24.507 GC heap after
{Heap after GC invocations=41 (full 0):
 garbage-first heap   total 333824K, used 237549K [0x0000000080000000, 0x0000000100000000)
  region size 1024K, 12 young (12288K), 12 survivors (12288K)
 Metaspace       used 122920K, committed 125120K, reserved 1179648K
  class space    used 16925K, committed 18048K, reserved 1048576K
}
Event: 24.828 GC heap before
{Heap before GC invocations=41 (full 0):
 garbage-first heap   total 333824K, used 290797K [0x0000000080000000, 0x0000000100000000)
  region size 1024K, 64 young (65536K), 12 survivors (12288K)
 Metaspace       used 122967K, committed 125120K, reserved 1179648K
  class space    used 16929K, committed 18048K, reserved 1048576K
}
Event: 24.882 GC heap after
{Heap after GC invocations=42 (full 0):
 garbage-first heap   total 333824K, used 265709K [0x0000000080000000, 0x0000000100000000)
  region size 1024K, 8 young (8192K), 8 survivors (8192K)
 Metaspace       used 122967K, committed 125120K, reserved 1179648K
  class space    used 16929K, committed 18048K, reserved 1048576K
}
Event: 25.466 GC heap before
{Heap before GC invocations=42 (full 0):
 garbage-first heap   total 442368K, used 297453K [0x0000000080000000, 0x0000000100000000)
  region size 1024K, 40 young (40960K), 8 survivors (8192K)
 Metaspace       used 122995K, committed 125184K, reserved 1179648K
  class space    used 16929K, committed 18048K, reserved 1048576K
}
Event: 25.504 GC heap after
{Heap after GC invocations=43 (full 0):
 garbage-first heap   total 442368K, used 281581K [0x0000000080000000, 0x0000000100000000)
  region size 1024K, 5 young (5120K), 5 survivors (5120K)
 Metaspace       used 122995K, committed 125184K, reserved 1179648K
  class space    used 16929K, committed 18048K, reserved 1048576K
}
Event: 28.594 GC heap before
{Heap before GC invocations=44 (full 0):
 garbage-first heap   total 442368K, used 361453K [0x0000000080000000, 0x0000000100000000)
  region size 1024K, 84 young (86016K), 5 survivors (5120K)
 Metaspace       used 125725K, committed 128000K, reserved 1179648K
  class space    used 17308K, committed 18496K, reserved 1048576K
}
Event: 28.693 GC heap after
{Heap after GC invocations=45 (full 0):
 garbage-first heap   total 442368K, used 312301K [0x0000000080000000, 0x0000000100000000)
  region size 1024K, 11 young (11264K), 11 survivors (11264K)
 Metaspace       used 125725K, committed 128000K, reserved 1179648K
  class space    used 17308K, committed 18496K, reserved 1048576K
}

