# JRE version: OpenJDK Runtime Environment (21.0.4) (build 21.0.4+-12508038-b607.1)
# Java VM: OpenJDK 64-Bit Server VM (21.0.4+-12508038-b607.1, mixed mode, tiered, compressed oops, compressed class ptrs, g1 gc, windows-amd64)
GC Precious Log:
 CardTable entry size: 512
 Card Set container configuration: InlinePtr #cards 5 size 8 Array Of Cards #cards 12 size 40 Howl #buckets 4 coarsen threshold 1843 Howl Bitmap #cards 512 size 80 coarsen threshold 460 Card regions per heap region 1 cards per card region 2048
 CPUs: 4 total, 4 available
 Memory: 20275M
 Large Page Support: Disabled
 NUMA Support: Disabled
 Compressed Oops: Enabled (32-bit)
 Heap Region Size: 1M
 Heap Min Capacity: 8M
 Heap Initial Capacity: 318M
 Heap Max Capacity: 2G
 Pre-touch: Disabled
 Parallel Workers: 4
 Concurrent Workers: 1
 Concurrent Refinement Workers: 4
 Periodic GC: Disabled
Heap:
 garbage-first heap   total 316416K, used 247296K [0x0000000080000000, 0x0000000100000000)
  region size 1024K, 11 young (11264K), 9 survivors (9216K)
 Metaspace       used 124171K, committed 126464K, reserved 1179648K
  class space    used 17112K, committed 18304K, reserved 1048576K
GC Heap History (20 events):
Event: 24.409 GC heap before
{Heap before GC invocations=32 (full 0):
 garbage-first heap   total 181248K, used 160148K [0x0000000080000000, 0x0000000100000000)
  region size 1024K, 63 young (64512K), 9 survivors (9216K)
 Metaspace       used 110722K, committed 112896K, reserved 1179648K
  class space    used 15210K, committed 16320K, reserved 1048576K
}
Event: 24.423 GC heap after
{Heap after GC invocations=33 (full 0):
 garbage-first heap   total 181248K, used 110424K [0x0000000080000000, 0x0000000100000000)
  region size 1024K, 5 young (5120K), 5 survivors (5120K)
 Metaspace       used 110722K, committed 112896K, reserved 1179648K
  class space    used 15210K, committed 16320K, reserved 1048576K
}
Event: 25.680 GC heap before
{Heap before GC invocations=34 (full 0):
 garbage-first heap   total 184320K, used 165720K [0x0000000080000000, 0x0000000100000000)
  region size 1024K, 60 young (61440K), 5 survivors (5120K)
 Metaspace       used 111135K, committed 113280K, reserved 1179648K
  class space    used 15263K, committed 16384K, reserved 1048576K
}
Event: 25.688 GC heap after
{Heap after GC invocations=35 (full 0):
 garbage-first heap   total 184320K, used 112370K [0x0000000080000000, 0x0000000100000000)
  region size 1024K, 7 young (7168K), 7 survivors (7168K)
 Metaspace       used 111135K, committed 113280K, reserved 1179648K
  class space    used 15263K, committed 16384K, reserved 1048576K
}
Event: 27.124 GC heap before
{Heap before GC invocations=35 (full 0):
 garbage-first heap   total 184320K, used 166642K [0x0000000080000000, 0x0000000100000000)
  region size 1024K, 61 young (62464K), 7 survivors (7168K)
 Metaspace       used 114110K, committed 116288K, reserved 1179648K
  class space    used 15625K, committed 16768K, reserved 1048576K
}
Event: 27.141 GC heap after
{Heap after GC invocations=36 (full 0):
 garbage-first heap   total 184320K, used 114579K [0x0000000080000000, 0x0000000100000000)
  region size 1024K, 6 young (6144K), 6 survivors (6144K)
 Metaspace       used 114110K, committed 116288K, reserved 1179648K
  class space    used 15625K, committed 16768K, reserved 1048576K
}
Event: 27.700 GC heap before
{Heap before GC invocations=36 (full 0):
 garbage-first heap   total 184320K, used 152467K [0x0000000080000000, 0x0000000100000000)
  region size 1024K, 45 young (46080K), 6 survivors (6144K)
 Metaspace       used 114601K, committed 116864K, reserved 1179648K
  class space    used 15718K, committed 16896K, reserved 1048576K
}
Event: 27.708 GC heap after
{Heap after GC invocations=37 (full 0):
 garbage-first heap   total 184320K, used 116931K [0x0000000080000000, 0x0000000100000000)
  region size 1024K, 5 young (5120K), 5 survivors (5120K)
 Metaspace       used 114601K, committed 116864K, reserved 1179648K
  class space    used 15718K, committed 16896K, reserved 1048576K
}
Event: 29.043 GC heap before
{Heap before GC invocations=38 (full 0):
 garbage-first heap   total 204800K, used 197827K [0x0000000080000000, 0x0000000100000000)
  region size 1024K, 55 young (56320K), 5 survivors (5120K)
 Metaspace       used 119913K, committed 122176K, reserved 1179648K
  class space    used 16349K, committed 17472K, reserved 1048576K
}
Event: 29.051 GC heap after
{Heap after GC invocations=39 (full 0):
 garbage-first heap   total 208896K, used 147283K [0x0000000080000000, 0x0000000100000000)
  region size 1024K, 7 young (7168K), 7 survivors (7168K)
 Metaspace       used 119913K, committed 122176K, reserved 1179648K
  class space    used 16349K, committed 17472K, reserved 1048576K
}
Event: 29.139 GC heap before
{Heap before GC invocations=39 (full 0):
 garbage-first heap   total 208896K, used 207699K [0x0000000080000000, 0x0000000100000000)
  region size 1024K, 20 young (20480K), 7 survivors (7168K)
 Metaspace       used 120083K, committed 122368K, reserved 1179648K
  class space    used 16372K, committed 17536K, reserved 1048576K
}
Event: 29.148 GC heap after
{Heap after GC invocations=40 (full 0):
 garbage-first heap   total 224256K, used 169052K [0x0000000080000000, 0x0000000100000000)
  region size 1024K, 5 young (5120K), 5 survivors (5120K)
 Metaspace       used 120083K, committed 122368K, reserved 1179648K
  class space    used 16372K, committed 17536K, reserved 1048576K
}
Event: 29.148 GC heap before
{Heap before GC invocations=40 (full 0):
 garbage-first heap   total 224256K, used 169052K [0x0000000080000000, 0x0000000100000000)
  region size 1024K, 6 young (6144K), 5 survivors (5120K)
 Metaspace       used 120083K, committed 122368K, reserved 1179648K
  class space    used 16372K, committed 17536K, reserved 1048576K
}
Event: 29.150 GC heap after
{Heap after GC invocations=41 (full 0):
 garbage-first heap   total 224256K, used 169343K [0x0000000080000000, 0x0000000100000000)
  region size 1024K, 1 young (1024K), 1 survivors (1024K)
 Metaspace       used 120083K, committed 122368K, reserved 1179648K
  class space    used 16372K, committed 17536K, reserved 1048576K
}
Event: 29.997 GC heap before
{Heap before GC invocations=42 (full 0):
 garbage-first heap   total 316416K, used 220543K [0x0000000080000000, 0x0000000100000000)
  region size 1024K, 33 young (33792K), 1 survivors (1024K)
 Metaspace       used 121153K, committed 123392K, reserved 1179648K
  class space    used 16528K, committed 17664K, reserved 1048576K
}
Event: 30.012 GC heap after
{Heap after GC invocations=43 (full 0):
 garbage-first heap   total 316416K, used 187105K [0x0000000080000000, 0x0000000100000000)
  region size 1024K, 5 young (5120K), 5 survivors (5120K)
 Metaspace       used 121153K, committed 123392K, reserved 1179648K
  class space    used 16528K, committed 17664K, reserved 1048576K
}
Event: 31.379 GC heap before
{Heap before GC invocations=43 (full 0):
 garbage-first heap   total 316416K, used 272097K [0x0000000080000000, 0x0000000100000000)
  region size 1024K, 84 young (86016K), 5 survivors (5120K)
 Metaspace       used 124030K, committed 126336K, reserved 1179648K
  class space    used 17106K, committed 18304K, reserved 1048576K
}
Event: 31.436 GC heap after
{Heap after GC invocations=44 (full 0):
 garbage-first heap   total 316416K, used 216064K [0x0000000080000000, 0x0000000100000000)
  region size 1024K, 11 young (11264K), 11 survivors (11264K)
 Metaspace       used 124030K, committed 126336K, reserved 1179648K
  class space    used 17106K, committed 18304K, reserved 1048576K
}
Event: 32.182 GC heap before
{Heap before GC invocations=44 (full 0):
 garbage-first heap   total 316416K, used 273408K [0x0000000080000000, 0x0000000100000000)
  region size 1024K, 67 young (68608K), 11 survivors (11264K)
 Metaspace       used 124148K, committed 126400K, reserved 1179648K
  class space    used 17112K, committed 18304K, reserved 1048576K
}
Event: 32.242 GC heap after
{Heap after GC invocations=45 (full 0):
 garbage-first heap   total 316416K, used 247296K [0x0000000080000000, 0x0000000100000000)
  region size 1024K, 9 young (9216K), 9 survivors (9216K)
 Metaspace       used 124148K, committed 126400K, reserved 1179648K
  class space    used 17112K, committed 18304K, reserved 1048576K
}

